[2025-06-13T11:24:18.019+0000] {manager.py:483} INFO - Processing files using up to 2 processes at a time 
[2025-06-13T11:24:18.020+0000] {manager.py:484} INFO - Process each file at most once every 30 seconds
[2025-06-13T11:24:18.021+0000] {manager.py:485} INFO - Checking for new files in /opt/airflow/dags every 300 seconds
[2025-06-13T11:24:18.022+0000] {manager.py:821} INFO - Searching for files in /opt/airflow/dags
[2025-06-13T11:24:18.039+0000] {manager.py:824} INFO - There are 1 files in /opt/airflow/dags
[2025-06-13T11:24:18.156+0000] {manager.py:997} INFO - 
================================================================================
DAG File Processing Stats

File Path                           PID  Runtime      # DAGs    # Errors  Last Runtime    Last Run      Last # of DB Queries
--------------------------------  -----  ---------  --------  ----------  --------------  ----------  ----------------------
/opt/airflow/dags/exemplo-dag.py    223  0.03s             0           0                                                   0
================================================================================
[2025-06-13T11:24:51.733+0000] {manager.py:997} INFO - 
================================================================================
DAG File Processing Stats

File Path                         PID    Runtime      # DAGs    # Errors  Last Runtime    Last Run               Last # of DB Queries
--------------------------------  -----  ---------  --------  ----------  --------------  -------------------  ----------------------
/opt/airflow/dags/exemplo-dag.py                           1           0  0.25s           2025-06-13T11:24:48                      12
================================================================================
[2025-06-13T11:25:25.115+0000] {manager.py:997} INFO - 
================================================================================
DAG File Processing Stats

File Path                         PID    Runtime      # DAGs    # Errors  Last Runtime    Last Run               Last # of DB Queries
--------------------------------  -----  ---------  --------  ----------  --------------  -------------------  ----------------------
/opt/airflow/dags/exemplo-dag.py                           1           0  0.24s           2025-06-13T11:25:22                      12
================================================================================
[2025-06-13T11:25:58.421+0000] {manager.py:997} INFO - 
================================================================================
DAG File Processing Stats

File Path                         PID    Runtime      # DAGs    # Errors  Last Runtime    Last Run               Last # of DB Queries
--------------------------------  -----  ---------  --------  ----------  --------------  -------------------  ----------------------
/opt/airflow/dags/exemplo-dag.py                           1           0  0.20s           2025-06-13T11:25:52                      12
================================================================================
[2025-06-13T11:26:28.760+0000] {manager.py:997} INFO - 
================================================================================
DAG File Processing Stats

File Path                         PID    Runtime      # DAGs    # Errors  Last Runtime    Last Run               Last # of DB Queries
--------------------------------  -----  ---------  --------  ----------  --------------  -------------------  ----------------------
/opt/airflow/dags/exemplo-dag.py                           1           0  0.16s           2025-06-13T11:26:22                      12
================================================================================
[2025-06-13T11:27:02.168+0000] {manager.py:997} INFO - 
================================================================================
DAG File Processing Stats

File Path                         PID    Runtime      # DAGs    # Errors  Last Runtime    Last Run               Last # of DB Queries
--------------------------------  -----  ---------  --------  ----------  --------------  -------------------  ----------------------
/opt/airflow/dags/exemplo-dag.py                           1           0  0.23s           2025-06-13T11:26:53                      12
================================================================================
[2025-06-13T11:31:41.479+0000] {manager.py:483} INFO - Processing files using up to 2 processes at a time 
[2025-06-13T11:31:41.481+0000] {manager.py:484} INFO - Process each file at most once every 30 seconds
[2025-06-13T11:31:41.482+0000] {manager.py:485} INFO - Checking for new files in /opt/airflow/dags every 300 seconds
[2025-06-13T11:31:41.483+0000] {manager.py:821} INFO - Searching for files in /opt/airflow/dags
[2025-06-13T11:31:41.525+0000] {manager.py:824} INFO - There are 1 files in /opt/airflow/dags
[2025-06-13T11:31:41.650+0000] {manager.py:997} INFO - 
================================================================================
DAG File Processing Stats

File Path                           PID  Runtime      # DAGs    # Errors  Last Runtime    Last Run      Last # of DB Queries
--------------------------------  -----  ---------  --------  ----------  --------------  ----------  ----------------------
/opt/airflow/dags/exemplo-dag.py    223  0.03s             0           0                                                   0
================================================================================
[2025-06-13T11:32:15.285+0000] {manager.py:997} INFO - 
================================================================================
DAG File Processing Stats

File Path                         PID    Runtime      # DAGs    # Errors  Last Runtime    Last Run               Last # of DB Queries
--------------------------------  -----  ---------  --------  ----------  --------------  -------------------  ----------------------
/opt/airflow/dags/exemplo-dag.py                           1           0  0.21s           2025-06-13T11:32:12                      12
================================================================================
[2025-06-13T11:32:48.820+0000] {manager.py:997} INFO - 
================================================================================
DAG File Processing Stats

File Path                         PID    Runtime      # DAGs    # Errors  Last Runtime    Last Run               Last # of DB Queries
--------------------------------  -----  ---------  --------  ----------  --------------  -------------------  ----------------------
/opt/airflow/dags/exemplo-dag.py                           1           0  0.24s           2025-06-13T11:32:42                      12
================================================================================
[2025-06-13T11:33:22.172+0000] {manager.py:997} INFO - 
================================================================================
DAG File Processing Stats

File Path                         PID    Runtime      # DAGs    # Errors  Last Runtime    Last Run               Last # of DB Queries
--------------------------------  -----  ---------  --------  ----------  --------------  -------------------  ----------------------
/opt/airflow/dags/exemplo-dag.py                           1           0  0.24s           2025-06-13T11:33:13                      12
================================================================================
[2025-06-13T11:33:55.445+0000] {manager.py:997} INFO - 
================================================================================
DAG File Processing Stats

File Path                         PID    Runtime      # DAGs    # Errors  Last Runtime    Last Run               Last # of DB Queries
--------------------------------  -----  ---------  --------  ----------  --------------  -------------------  ----------------------
/opt/airflow/dags/exemplo-dag.py                           1           0  0.18s           2025-06-13T11:33:43                      12
================================================================================
[2025-06-13T11:34:28.889+0000] {manager.py:997} INFO - 
================================================================================
DAG File Processing Stats

File Path                         PID    Runtime      # DAGs    # Errors  Last Runtime    Last Run               Last # of DB Queries
--------------------------------  -----  ---------  --------  ----------  --------------  -------------------  ----------------------
/opt/airflow/dags/exemplo-dag.py                           1           0  0.24s           2025-06-13T11:34:13                      12
================================================================================
[2025-06-13T11:35:02.208+0000] {manager.py:997} INFO - 
================================================================================
DAG File Processing Stats

File Path                         PID    Runtime      # DAGs    # Errors  Last Runtime    Last Run               Last # of DB Queries
--------------------------------  -----  ---------  --------  ----------  --------------  -------------------  ----------------------
/opt/airflow/dags/exemplo-dag.py                           1           0  0.21s           2025-06-13T11:34:47                      12
================================================================================
[2025-06-13T11:36:24.817+0000] {manager.py:483} INFO - Processing files using up to 2 processes at a time 
[2025-06-13T11:36:24.818+0000] {manager.py:484} INFO - Process each file at most once every 30 seconds
[2025-06-13T11:36:24.819+0000] {manager.py:485} INFO - Checking for new files in /opt/airflow/dags every 300 seconds
[2025-06-13T11:36:24.820+0000] {manager.py:821} INFO - Searching for files in /opt/airflow/dags
[2025-06-13T11:36:24.867+0000] {manager.py:824} INFO - There are 1 files in /opt/airflow/dags
[2025-06-13T11:36:24.975+0000] {manager.py:997} INFO - 
================================================================================
DAG File Processing Stats

File Path                           PID  Runtime      # DAGs    # Errors  Last Runtime    Last Run      Last # of DB Queries
--------------------------------  -----  ---------  --------  ----------  --------------  ----------  ----------------------
/opt/airflow/dags/exemplo-dag.py    223  0.03s             0           0                                                   0
================================================================================
[2025-06-13T11:38:09.877+0000] {manager.py:483} INFO - Processing files using up to 2 processes at a time 
[2025-06-13T11:38:09.879+0000] {manager.py:484} INFO - Process each file at most once every 30 seconds
[2025-06-13T11:38:09.880+0000] {manager.py:485} INFO - Checking for new files in /opt/airflow/dags every 300 seconds
[2025-06-13T11:38:09.881+0000] {manager.py:821} INFO - Searching for files in /opt/airflow/dags
[2025-06-13T11:38:09.913+0000] {manager.py:824} INFO - There are 1 files in /opt/airflow/dags
[2025-06-13T11:38:10.016+0000] {manager.py:997} INFO - 
================================================================================
DAG File Processing Stats

File Path                           PID  Runtime      # DAGs    # Errors  Last Runtime    Last Run      Last # of DB Queries
--------------------------------  -----  ---------  --------  ----------  --------------  ----------  ----------------------
/opt/airflow/dags/exemplo-dag.py    223  0.03s             0           0                                                   0
================================================================================
