[2025-06-13T11:24:57.572+0000] {local_task_job_runner.py:123} INFO - ::group::Pre task execution logs
[2025-06-13T11:24:57.594+0000] {taskinstance.py:2613} INFO - Dependencies all met for dep_context=non-requeueable deps ti=<TaskInstance: exemplo_dag_simples.executar_comando_bash manual__2025-06-13T11:24:56.144536+00:00 [queued]>
[2025-06-13T11:24:57.606+0000] {taskinstance.py:2613} INFO - Dependencies all met for dep_context=requeueable deps ti=<TaskInstance: exemplo_dag_simples.executar_comando_bash manual__2025-06-13T11:24:56.144536+00:00 [queued]>
[2025-06-13T11:24:57.607+0000] {taskinstance.py:2866} INFO - Starting attempt 1 of 2
[2025-06-13T11:24:57.629+0000] {taskinstance.py:2889} INFO - Executing <Task(BashOperator): executar_comando_bash> on 2025-06-13 11:24:56.144536+00:00
[2025-06-13T11:24:57.643+0000] {logging_mixin.py:190} WARNING - /home/***/.local/lib/python3.12/site-packages/***/task/task_runner/standard_task_runner.py:70 DeprecationWarning: This process (pid=259) is multi-threaded, use of fork() may lead to deadlocks in the child.
[2025-06-13T11:24:57.645+0000] {standard_task_runner.py:104} INFO - Running: ['***', 'tasks', 'run', 'exemplo_dag_simples', 'executar_comando_bash', 'manual__2025-06-13T11:24:56.144536+00:00', '--job-id', '3', '--raw', '--subdir', 'DAGS_FOLDER/exemplo-dag.py', '--cfg-path', '/tmp/tmp90inp7xd']
[2025-06-13T11:24:57.648+0000] {standard_task_runner.py:72} INFO - Started process 261 to run task
[2025-06-13T11:24:57.649+0000] {standard_task_runner.py:105} INFO - Job 3: Subtask executar_comando_bash
[2025-06-13T11:24:57.677+0000] {logging_mixin.py:190} WARNING - /home/***/.local/lib/python3.12/site-packages/***/settings.py:209 DeprecationWarning: The sql_alchemy_conn option in [core] has been moved to the sql_alchemy_conn option in [database] - the old setting has been used, but please update your config.
[2025-06-13T11:24:57.734+0000] {task_command.py:467} INFO - Running <TaskInstance: exemplo_dag_simples.executar_comando_bash manual__2025-06-13T11:24:56.144536+00:00 [running]> on host 3f818eaf31a0
[2025-06-13T11:24:57.929+0000] {taskinstance.py:3132} INFO - Exporting env vars: AIRFLOW_CTX_DAG_OWNER='admin' AIRFLOW_CTX_DAG_ID='exemplo_dag_simples' AIRFLOW_CTX_TASK_ID='executar_comando_bash' AIRFLOW_CTX_EXECUTION_DATE='2025-06-13T11:24:56.144536+00:00' AIRFLOW_CTX_TRY_NUMBER='1' AIRFLOW_CTX_DAG_RUN_ID='manual__2025-06-13T11:24:56.144536+00:00'
[2025-06-13T11:24:57.933+0000] {taskinstance.py:731} INFO - ::endgroup::
[2025-06-13T11:24:58.017+0000] {subprocess.py:78} INFO - Tmp dir root location: /tmp
[2025-06-13T11:24:58.019+0000] {subprocess.py:88} INFO - Running command: ['/usr/bin/bash', '-c', 'echo "Olá do Airflow Standalone!" && date']
[2025-06-13T11:24:58.030+0000] {subprocess.py:99} INFO - Output:
[2025-06-13T11:24:58.032+0000] {subprocess.py:106} INFO - Olá do Airflow Standalone!
[2025-06-13T11:24:58.034+0000] {subprocess.py:106} INFO - Fri Jun 13 11:24:58 UTC 2025
[2025-06-13T11:24:58.036+0000] {subprocess.py:110} INFO - Command exited with return code 0
[2025-06-13T11:24:58.091+0000] {taskinstance.py:340} INFO - ::group::Post task execution logs
[2025-06-13T11:24:58.092+0000] {taskinstance.py:352} INFO - Marking task as SUCCESS. dag_id=exemplo_dag_simples, task_id=executar_comando_bash, run_id=manual__2025-06-13T11:24:56.144536+00:00, execution_date=20250613T112456, start_date=20250613T112457, end_date=20250613T112458
[2025-06-13T11:24:58.152+0000] {local_task_job_runner.py:266} INFO - Task exited with return code 0
[2025-06-13T11:24:58.188+0000] {taskinstance.py:3895} INFO - 1 downstream tasks scheduled from follow-on schedule check
[2025-06-13T11:24:58.192+0000] {local_task_job_runner.py:245} INFO - ::endgroup::
