[2025-06-13T11:24:59.927+0000] {local_task_job_runner.py:123} INFO - ::group::Pre task execution logs
[2025-06-13T11:24:59.953+0000] {taskinstance.py:2613} INFO - Dependencies all met for dep_context=non-requeueable deps ti=<TaskInstance: exemplo_dag_simples.verificar_status manual__2025-06-13T11:24:56.144536+00:00 [queued]>
[2025-06-13T11:24:59.965+0000] {taskinstance.py:2613} INFO - Dependencies all met for dep_context=requeueable deps ti=<TaskInstance: exemplo_dag_simples.verificar_status manual__2025-06-13T11:24:56.144536+00:00 [queued]>
[2025-06-13T11:24:59.966+0000] {taskinstance.py:2866} INFO - Starting attempt 1 of 2
[2025-06-13T11:24:59.985+0000] {taskinstance.py:2889} INFO - Executing <Task(BashOperator): verificar_status> on 2025-06-13 11:24:56.144536+00:00
[2025-06-13T11:24:59.992+0000] {logging_mixin.py:190} WARNING - /home/***/.local/lib/python3.12/site-packages/***/task/task_runner/standard_task_runner.py:70 DeprecationWarning: This process (pid=273) is multi-threaded, use of fork() may lead to deadlocks in the child.
[2025-06-13T11:24:59.994+0000] {standard_task_runner.py:72} INFO - Started process 274 to run task
[2025-06-13T11:24:59.993+0000] {standard_task_runner.py:104} INFO - Running: ['***', 'tasks', 'run', 'exemplo_dag_simples', 'verificar_status', 'manual__2025-06-13T11:24:56.144536+00:00', '--job-id', '7', '--raw', '--subdir', 'DAGS_FOLDER/exemplo-dag.py', '--cfg-path', '/tmp/tmpk3m26yut']
[2025-06-13T11:24:59.996+0000] {standard_task_runner.py:105} INFO - Job 7: Subtask verificar_status
[2025-06-13T11:25:00.017+0000] {logging_mixin.py:190} WARNING - /home/***/.local/lib/python3.12/site-packages/***/settings.py:209 DeprecationWarning: The sql_alchemy_conn option in [core] has been moved to the sql_alchemy_conn option in [database] - the old setting has been used, but please update your config.
[2025-06-13T11:25:00.081+0000] {task_command.py:467} INFO - Running <TaskInstance: exemplo_dag_simples.verificar_status manual__2025-06-13T11:24:56.144536+00:00 [running]> on host 3f818eaf31a0
[2025-06-13T11:25:00.209+0000] {taskinstance.py:3132} INFO - Exporting env vars: AIRFLOW_CTX_DAG_OWNER='admin' AIRFLOW_CTX_DAG_ID='exemplo_dag_simples' AIRFLOW_CTX_TASK_ID='verificar_status' AIRFLOW_CTX_EXECUTION_DATE='2025-06-13T11:24:56.144536+00:00' AIRFLOW_CTX_TRY_NUMBER='1' AIRFLOW_CTX_DAG_RUN_ID='manual__2025-06-13T11:24:56.144536+00:00'
[2025-06-13T11:25:00.211+0000] {taskinstance.py:731} INFO - ::endgroup::
[2025-06-13T11:25:00.226+0000] {subprocess.py:78} INFO - Tmp dir root location: /tmp
[2025-06-13T11:25:00.227+0000] {subprocess.py:88} INFO - Running command: ['/usr/bin/bash', '-c', 'echo "Todas as tasks foram executadas com sucesso!"']
[2025-06-13T11:25:00.235+0000] {subprocess.py:99} INFO - Output:
[2025-06-13T11:25:00.236+0000] {subprocess.py:106} INFO - Todas as tasks foram executadas com sucesso!
[2025-06-13T11:25:00.238+0000] {subprocess.py:110} INFO - Command exited with return code 0
[2025-06-13T11:25:00.267+0000] {taskinstance.py:340} INFO - ::group::Post task execution logs
[2025-06-13T11:25:00.268+0000] {taskinstance.py:352} INFO - Marking task as SUCCESS. dag_id=exemplo_dag_simples, task_id=verificar_status, run_id=manual__2025-06-13T11:24:56.144536+00:00, execution_date=20250613T112456, start_date=20250613T112459, end_date=20250613T112500
[2025-06-13T11:25:00.291+0000] {local_task_job_runner.py:266} INFO - Task exited with return code 0
[2025-06-13T11:25:00.308+0000] {taskinstance.py:3895} INFO - 0 downstream tasks scheduled from follow-on schedule check
[2025-06-13T11:25:00.312+0000] {local_task_job_runner.py:245} INFO - ::endgroup::
