[2025-06-13T11:24:18.155+0000] {processor.py:186} INFO - Started process (PID=223) to work on /opt/airflow/dags/exemplo-dag.py
[2025-06-13T11:24:18.157+0000] {processor.py:914} INFO - Processing file /opt/airflow/dags/exemplo-dag.py for tasks to queue
[2025-06-13T11:24:18.159+0000] {logging_mixin.py:190} INFO - [2025-06-13T11:24:18.158+0000] {dagbag.py:588} INFO - Filling up the DagBag from /opt/airflow/dags/exemplo-dag.py
[2025-06-13T11:24:18.195+0000] {processor.py:925} INFO - DAG(s) 'exemplo_dag_simples' retrieved from /opt/airflow/dags/exemplo-dag.py
[2025-06-13T11:24:18.363+0000] {logging_mixin.py:190} INFO - [2025-06-13T11:24:18.362+0000] {override.py:1911} INFO - Created Permission View: can edit on DAG:exemplo_dag_simples
[2025-06-13T11:24:18.377+0000] {logging_mixin.py:190} INFO - [2025-06-13T11:24:18.376+0000] {override.py:1911} INFO - Created Permission View: can delete on DAG:exemplo_dag_simples
[2025-06-13T11:24:18.387+0000] {logging_mixin.py:190} INFO - [2025-06-13T11:24:18.387+0000] {override.py:1911} INFO - Created Permission View: can read on DAG:exemplo_dag_simples
[2025-06-13T11:24:18.398+0000] {logging_mixin.py:190} INFO - [2025-06-13T11:24:18.398+0000] {override.py:1911} INFO - Created Permission View: menu access on DAG Run:exemplo_dag_simples
[2025-06-13T11:24:18.406+0000] {logging_mixin.py:190} INFO - [2025-06-13T11:24:18.406+0000] {override.py:1911} INFO - Created Permission View: can create on DAG Run:exemplo_dag_simples
[2025-06-13T11:24:18.416+0000] {logging_mixin.py:190} INFO - [2025-06-13T11:24:18.416+0000] {override.py:1911} INFO - Created Permission View: can delete on DAG Run:exemplo_dag_simples
[2025-06-13T11:24:18.424+0000] {logging_mixin.py:190} INFO - [2025-06-13T11:24:18.423+0000] {override.py:1911} INFO - Created Permission View: can read on DAG Run:exemplo_dag_simples
[2025-06-13T11:24:18.424+0000] {logging_mixin.py:190} INFO - [2025-06-13T11:24:18.424+0000] {dag.py:3239} INFO - Sync 1 DAGs
[2025-06-13T11:24:18.439+0000] {logging_mixin.py:190} INFO - [2025-06-13T11:24:18.439+0000] {dag.py:3262} INFO - Creating ORM DAG for exemplo_dag_simples
[2025-06-13T11:24:18.452+0000] {logging_mixin.py:190} INFO - [2025-06-13T11:24:18.451+0000] {dag.py:4180} INFO - Setting next_dagrun for exemplo_dag_simples to 2025-06-12 00:00:00+00:00, run_after=2025-06-13 00:00:00+00:00
[2025-06-13T11:24:18.485+0000] {processor.py:208} INFO - Processing /opt/airflow/dags/exemplo-dag.py took 0.338 seconds
[2025-06-13T11:24:48.737+0000] {processor.py:186} INFO - Started process (PID=253) to work on /opt/airflow/dags/exemplo-dag.py
[2025-06-13T11:24:48.740+0000] {processor.py:914} INFO - Processing file /opt/airflow/dags/exemplo-dag.py for tasks to queue
[2025-06-13T11:24:48.745+0000] {logging_mixin.py:190} INFO - [2025-06-13T11:24:48.745+0000] {dagbag.py:588} INFO - Filling up the DagBag from /opt/airflow/dags/exemplo-dag.py
[2025-06-13T11:24:48.800+0000] {processor.py:925} INFO - DAG(s) 'exemplo_dag_simples' retrieved from /opt/airflow/dags/exemplo-dag.py
[2025-06-13T11:24:48.845+0000] {logging_mixin.py:190} INFO - [2025-06-13T11:24:48.845+0000] {dag.py:3239} INFO - Sync 1 DAGs
[2025-06-13T11:24:48.878+0000] {logging_mixin.py:190} INFO - [2025-06-13T11:24:48.878+0000] {dag.py:4180} INFO - Setting next_dagrun for exemplo_dag_simples to 2025-06-12 00:00:00+00:00, run_after=2025-06-13 00:00:00+00:00
[2025-06-13T11:24:48.924+0000] {processor.py:208} INFO - Processing /opt/airflow/dags/exemplo-dag.py took 0.196 seconds
[2025-06-13T11:25:22.119+0000] {processor.py:186} INFO - Started process (PID=280) to work on /opt/airflow/dags/exemplo-dag.py
[2025-06-13T11:25:22.121+0000] {processor.py:914} INFO - Processing file /opt/airflow/dags/exemplo-dag.py for tasks to queue
[2025-06-13T11:25:22.127+0000] {logging_mixin.py:190} INFO - [2025-06-13T11:25:22.126+0000] {dagbag.py:588} INFO - Filling up the DagBag from /opt/airflow/dags/exemplo-dag.py
[2025-06-13T11:25:22.172+0000] {processor.py:925} INFO - DAG(s) 'exemplo_dag_simples' retrieved from /opt/airflow/dags/exemplo-dag.py
[2025-06-13T11:25:22.212+0000] {logging_mixin.py:190} INFO - [2025-06-13T11:25:22.212+0000] {dag.py:3239} INFO - Sync 1 DAGs
[2025-06-13T11:25:22.252+0000] {logging_mixin.py:190} INFO - [2025-06-13T11:25:22.251+0000] {dag.py:4180} INFO - Setting next_dagrun for exemplo_dag_simples to 2025-06-13 00:00:00+00:00, run_after=2025-06-14 00:00:00+00:00
[2025-06-13T11:25:22.303+0000] {processor.py:208} INFO - Processing /opt/airflow/dags/exemplo-dag.py took 0.193 seconds
[2025-06-13T11:25:52.502+0000] {processor.py:186} INFO - Started process (PID=285) to work on /opt/airflow/dags/exemplo-dag.py
[2025-06-13T11:25:52.504+0000] {processor.py:914} INFO - Processing file /opt/airflow/dags/exemplo-dag.py for tasks to queue
[2025-06-13T11:25:52.508+0000] {logging_mixin.py:190} INFO - [2025-06-13T11:25:52.508+0000] {dagbag.py:588} INFO - Filling up the DagBag from /opt/airflow/dags/exemplo-dag.py
[2025-06-13T11:25:52.532+0000] {processor.py:925} INFO - DAG(s) 'exemplo_dag_simples' retrieved from /opt/airflow/dags/exemplo-dag.py
[2025-06-13T11:25:52.566+0000] {logging_mixin.py:190} INFO - [2025-06-13T11:25:52.566+0000] {dag.py:3239} INFO - Sync 1 DAGs
[2025-06-13T11:25:52.594+0000] {logging_mixin.py:190} INFO - [2025-06-13T11:25:52.594+0000] {dag.py:4180} INFO - Setting next_dagrun for exemplo_dag_simples to 2025-06-13 00:00:00+00:00, run_after=2025-06-14 00:00:00+00:00
[2025-06-13T11:25:52.638+0000] {processor.py:208} INFO - Processing /opt/airflow/dags/exemplo-dag.py took 0.144 seconds
[2025-06-13T11:26:22.724+0000] {processor.py:186} INFO - Started process (PID=290) to work on /opt/airflow/dags/exemplo-dag.py
[2025-06-13T11:26:22.725+0000] {processor.py:914} INFO - Processing file /opt/airflow/dags/exemplo-dag.py for tasks to queue
[2025-06-13T11:26:22.729+0000] {logging_mixin.py:190} INFO - [2025-06-13T11:26:22.728+0000] {dagbag.py:588} INFO - Filling up the DagBag from /opt/airflow/dags/exemplo-dag.py
[2025-06-13T11:26:22.751+0000] {processor.py:925} INFO - DAG(s) 'exemplo_dag_simples' retrieved from /opt/airflow/dags/exemplo-dag.py
[2025-06-13T11:26:22.778+0000] {logging_mixin.py:190} INFO - [2025-06-13T11:26:22.778+0000] {dag.py:3239} INFO - Sync 1 DAGs
[2025-06-13T11:26:22.805+0000] {logging_mixin.py:190} INFO - [2025-06-13T11:26:22.805+0000] {dag.py:4180} INFO - Setting next_dagrun for exemplo_dag_simples to 2025-06-13 00:00:00+00:00, run_after=2025-06-14 00:00:00+00:00
[2025-06-13T11:26:22.844+0000] {processor.py:208} INFO - Processing /opt/airflow/dags/exemplo-dag.py took 0.126 seconds
[2025-06-13T11:26:52.993+0000] {processor.py:186} INFO - Started process (PID=295) to work on /opt/airflow/dags/exemplo-dag.py
[2025-06-13T11:26:53.001+0000] {processor.py:914} INFO - Processing file /opt/airflow/dags/exemplo-dag.py for tasks to queue
[2025-06-13T11:26:53.007+0000] {logging_mixin.py:190} INFO - [2025-06-13T11:26:53.006+0000] {dagbag.py:588} INFO - Filling up the DagBag from /opt/airflow/dags/exemplo-dag.py
[2025-06-13T11:26:53.059+0000] {processor.py:925} INFO - DAG(s) 'exemplo_dag_simples' retrieved from /opt/airflow/dags/exemplo-dag.py
[2025-06-13T11:26:53.089+0000] {logging_mixin.py:190} INFO - [2025-06-13T11:26:53.089+0000] {dag.py:3239} INFO - Sync 1 DAGs
[2025-06-13T11:26:53.114+0000] {logging_mixin.py:190} INFO - [2025-06-13T11:26:53.114+0000] {dag.py:4180} INFO - Setting next_dagrun for exemplo_dag_simples to 2025-06-13 00:00:00+00:00, run_after=2025-06-14 00:00:00+00:00
[2025-06-13T11:26:53.151+0000] {processor.py:208} INFO - Processing /opt/airflow/dags/exemplo-dag.py took 0.166 seconds
[2025-06-13T11:27:23.382+0000] {processor.py:186} INFO - Started process (PID=300) to work on /opt/airflow/dags/exemplo-dag.py
[2025-06-13T11:27:23.385+0000] {processor.py:914} INFO - Processing file /opt/airflow/dags/exemplo-dag.py for tasks to queue
[2025-06-13T11:27:23.392+0000] {logging_mixin.py:190} INFO - [2025-06-13T11:27:23.391+0000] {dagbag.py:588} INFO - Filling up the DagBag from /opt/airflow/dags/exemplo-dag.py
[2025-06-13T11:27:23.467+0000] {processor.py:925} INFO - DAG(s) 'exemplo_dag_simples' retrieved from /opt/airflow/dags/exemplo-dag.py
[2025-06-13T11:27:23.509+0000] {logging_mixin.py:190} INFO - [2025-06-13T11:27:23.509+0000] {dag.py:3239} INFO - Sync 1 DAGs
[2025-06-13T11:27:23.543+0000] {logging_mixin.py:190} INFO - [2025-06-13T11:27:23.542+0000] {dag.py:4180} INFO - Setting next_dagrun for exemplo_dag_simples to 2025-06-13 00:00:00+00:00, run_after=2025-06-14 00:00:00+00:00
[2025-06-13T11:27:23.576+0000] {processor.py:208} INFO - Processing /opt/airflow/dags/exemplo-dag.py took 0.209 seconds
[2025-06-13T11:31:41.671+0000] {processor.py:186} INFO - Started process (PID=223) to work on /opt/airflow/dags/exemplo-dag.py
[2025-06-13T11:31:41.673+0000] {processor.py:914} INFO - Processing file /opt/airflow/dags/exemplo-dag.py for tasks to queue
[2025-06-13T11:31:41.675+0000] {logging_mixin.py:190} INFO - [2025-06-13T11:31:41.675+0000] {dagbag.py:588} INFO - Filling up the DagBag from /opt/airflow/dags/exemplo-dag.py
[2025-06-13T11:31:41.705+0000] {processor.py:925} INFO - DAG(s) 'exemplo_dag_simples' retrieved from /opt/airflow/dags/exemplo-dag.py
[2025-06-13T11:31:41.876+0000] {logging_mixin.py:190} INFO - [2025-06-13T11:31:41.876+0000] {override.py:1911} INFO - Created Permission View: can read on DAG:exemplo_dag_simples
[2025-06-13T11:31:41.892+0000] {logging_mixin.py:190} INFO - [2025-06-13T11:31:41.891+0000] {override.py:1911} INFO - Created Permission View: can delete on DAG:exemplo_dag_simples
[2025-06-13T11:31:41.901+0000] {logging_mixin.py:190} INFO - [2025-06-13T11:31:41.901+0000] {override.py:1911} INFO - Created Permission View: can edit on DAG:exemplo_dag_simples
[2025-06-13T11:31:41.911+0000] {logging_mixin.py:190} INFO - [2025-06-13T11:31:41.910+0000] {override.py:1911} INFO - Created Permission View: can read on DAG Run:exemplo_dag_simples
[2025-06-13T11:31:41.919+0000] {logging_mixin.py:190} INFO - [2025-06-13T11:31:41.919+0000] {override.py:1911} INFO - Created Permission View: can create on DAG Run:exemplo_dag_simples
[2025-06-13T11:31:41.928+0000] {logging_mixin.py:190} INFO - [2025-06-13T11:31:41.928+0000] {override.py:1911} INFO - Created Permission View: menu access on DAG Run:exemplo_dag_simples
[2025-06-13T11:31:41.938+0000] {logging_mixin.py:190} INFO - [2025-06-13T11:31:41.938+0000] {override.py:1911} INFO - Created Permission View: can delete on DAG Run:exemplo_dag_simples
[2025-06-13T11:31:41.939+0000] {logging_mixin.py:190} INFO - [2025-06-13T11:31:41.939+0000] {dag.py:3239} INFO - Sync 1 DAGs
[2025-06-13T11:31:41.958+0000] {logging_mixin.py:190} INFO - [2025-06-13T11:31:41.957+0000] {dag.py:3262} INFO - Creating ORM DAG for exemplo_dag_simples
[2025-06-13T11:31:41.971+0000] {logging_mixin.py:190} INFO - [2025-06-13T11:31:41.971+0000] {dag.py:4180} INFO - Setting next_dagrun for exemplo_dag_simples to 2025-06-12 00:00:00+00:00, run_after=2025-06-13 00:00:00+00:00
[2025-06-13T11:31:41.996+0000] {processor.py:208} INFO - Processing /opt/airflow/dags/exemplo-dag.py took 0.331 seconds
[2025-06-13T11:32:12.292+0000] {processor.py:186} INFO - Started process (PID=253) to work on /opt/airflow/dags/exemplo-dag.py
[2025-06-13T11:32:12.294+0000] {processor.py:914} INFO - Processing file /opt/airflow/dags/exemplo-dag.py for tasks to queue
[2025-06-13T11:32:12.299+0000] {logging_mixin.py:190} INFO - [2025-06-13T11:32:12.299+0000] {dagbag.py:588} INFO - Filling up the DagBag from /opt/airflow/dags/exemplo-dag.py
[2025-06-13T11:32:12.346+0000] {processor.py:925} INFO - DAG(s) 'exemplo_dag_simples' retrieved from /opt/airflow/dags/exemplo-dag.py
[2025-06-13T11:32:12.390+0000] {logging_mixin.py:190} INFO - [2025-06-13T11:32:12.389+0000] {dag.py:3239} INFO - Sync 1 DAGs
[2025-06-13T11:32:12.424+0000] {logging_mixin.py:190} INFO - [2025-06-13T11:32:12.423+0000] {dag.py:4180} INFO - Setting next_dagrun for exemplo_dag_simples to 2025-06-12 00:00:00+00:00, run_after=2025-06-13 00:00:00+00:00
[2025-06-13T11:32:12.453+0000] {processor.py:208} INFO - Processing /opt/airflow/dags/exemplo-dag.py took 0.169 seconds
[2025-06-13T11:32:42.594+0000] {processor.py:186} INFO - Started process (PID=258) to work on /opt/airflow/dags/exemplo-dag.py
[2025-06-13T11:32:42.596+0000] {processor.py:914} INFO - Processing file /opt/airflow/dags/exemplo-dag.py for tasks to queue
[2025-06-13T11:32:42.602+0000] {logging_mixin.py:190} INFO - [2025-06-13T11:32:42.601+0000] {dagbag.py:588} INFO - Filling up the DagBag from /opt/airflow/dags/exemplo-dag.py
[2025-06-13T11:32:42.653+0000] {processor.py:925} INFO - DAG(s) 'exemplo_dag_simples' retrieved from /opt/airflow/dags/exemplo-dag.py
[2025-06-13T11:32:42.698+0000] {logging_mixin.py:190} INFO - [2025-06-13T11:32:42.698+0000] {dag.py:3239} INFO - Sync 1 DAGs
[2025-06-13T11:32:42.731+0000] {logging_mixin.py:190} INFO - [2025-06-13T11:32:42.730+0000] {dag.py:4180} INFO - Setting next_dagrun for exemplo_dag_simples to 2025-06-12 00:00:00+00:00, run_after=2025-06-13 00:00:00+00:00
[2025-06-13T11:32:42.780+0000] {processor.py:208} INFO - Processing /opt/airflow/dags/exemplo-dag.py took 0.195 seconds
[2025-06-13T11:33:13.100+0000] {processor.py:186} INFO - Started process (PID=263) to work on /opt/airflow/dags/exemplo-dag.py
[2025-06-13T11:33:13.102+0000] {processor.py:914} INFO - Processing file /opt/airflow/dags/exemplo-dag.py for tasks to queue
[2025-06-13T11:33:13.107+0000] {logging_mixin.py:190} INFO - [2025-06-13T11:33:13.106+0000] {dagbag.py:588} INFO - Filling up the DagBag from /opt/airflow/dags/exemplo-dag.py
[2025-06-13T11:33:13.161+0000] {processor.py:925} INFO - DAG(s) 'exemplo_dag_simples' retrieved from /opt/airflow/dags/exemplo-dag.py
[2025-06-13T11:33:13.198+0000] {logging_mixin.py:190} INFO - [2025-06-13T11:33:13.198+0000] {dag.py:3239} INFO - Sync 1 DAGs
[2025-06-13T11:33:13.234+0000] {logging_mixin.py:190} INFO - [2025-06-13T11:33:13.234+0000] {dag.py:4180} INFO - Setting next_dagrun for exemplo_dag_simples to 2025-06-12 00:00:00+00:00, run_after=2025-06-13 00:00:00+00:00
[2025-06-13T11:33:13.263+0000] {processor.py:208} INFO - Processing /opt/airflow/dags/exemplo-dag.py took 0.170 seconds
[2025-06-13T11:33:43.339+0000] {processor.py:186} INFO - Started process (PID=268) to work on /opt/airflow/dags/exemplo-dag.py
[2025-06-13T11:33:43.341+0000] {processor.py:914} INFO - Processing file /opt/airflow/dags/exemplo-dag.py for tasks to queue
[2025-06-13T11:33:43.343+0000] {logging_mixin.py:190} INFO - [2025-06-13T11:33:43.343+0000] {dagbag.py:588} INFO - Filling up the DagBag from /opt/airflow/dags/exemplo-dag.py
[2025-06-13T11:33:43.375+0000] {processor.py:925} INFO - DAG(s) 'exemplo_dag_simples' retrieved from /opt/airflow/dags/exemplo-dag.py
[2025-06-13T11:33:43.416+0000] {logging_mixin.py:190} INFO - [2025-06-13T11:33:43.416+0000] {dag.py:3239} INFO - Sync 1 DAGs
[2025-06-13T11:33:43.449+0000] {logging_mixin.py:190} INFO - [2025-06-13T11:33:43.449+0000] {dag.py:4180} INFO - Setting next_dagrun for exemplo_dag_simples to 2025-06-12 00:00:00+00:00, run_after=2025-06-13 00:00:00+00:00
[2025-06-13T11:33:43.479+0000] {processor.py:208} INFO - Processing /opt/airflow/dags/exemplo-dag.py took 0.147 seconds
[2025-06-13T11:34:13.621+0000] {processor.py:186} INFO - Started process (PID=273) to work on /opt/airflow/dags/exemplo-dag.py
[2025-06-13T11:34:13.623+0000] {processor.py:914} INFO - Processing file /opt/airflow/dags/exemplo-dag.py for tasks to queue
[2025-06-13T11:34:13.628+0000] {logging_mixin.py:190} INFO - [2025-06-13T11:34:13.627+0000] {dagbag.py:588} INFO - Filling up the DagBag from /opt/airflow/dags/exemplo-dag.py
[2025-06-13T11:34:13.675+0000] {processor.py:925} INFO - DAG(s) 'exemplo_dag_simples' retrieved from /opt/airflow/dags/exemplo-dag.py
[2025-06-13T11:34:13.716+0000] {logging_mixin.py:190} INFO - [2025-06-13T11:34:13.716+0000] {dag.py:3239} INFO - Sync 1 DAGs
[2025-06-13T11:34:13.749+0000] {logging_mixin.py:190} INFO - [2025-06-13T11:34:13.748+0000] {dag.py:4180} INFO - Setting next_dagrun for exemplo_dag_simples to 2025-06-12 00:00:00+00:00, run_after=2025-06-13 00:00:00+00:00
[2025-06-13T11:34:13.798+0000] {processor.py:208} INFO - Processing /opt/airflow/dags/exemplo-dag.py took 0.187 seconds
[2025-06-13T11:34:47.047+0000] {processor.py:186} INFO - Started process (PID=278) to work on /opt/airflow/dags/exemplo-dag.py
[2025-06-13T11:34:47.049+0000] {processor.py:914} INFO - Processing file /opt/airflow/dags/exemplo-dag.py for tasks to queue
[2025-06-13T11:34:47.054+0000] {logging_mixin.py:190} INFO - [2025-06-13T11:34:47.053+0000] {dagbag.py:588} INFO - Filling up the DagBag from /opt/airflow/dags/exemplo-dag.py
[2025-06-13T11:34:47.107+0000] {processor.py:925} INFO - DAG(s) 'exemplo_dag_simples' retrieved from /opt/airflow/dags/exemplo-dag.py
[2025-06-13T11:34:47.144+0000] {logging_mixin.py:190} INFO - [2025-06-13T11:34:47.144+0000] {dag.py:3239} INFO - Sync 1 DAGs
[2025-06-13T11:34:47.172+0000] {logging_mixin.py:190} INFO - [2025-06-13T11:34:47.172+0000] {dag.py:4180} INFO - Setting next_dagrun for exemplo_dag_simples to 2025-06-12 00:00:00+00:00, run_after=2025-06-13 00:00:00+00:00
[2025-06-13T11:34:47.204+0000] {processor.py:208} INFO - Processing /opt/airflow/dags/exemplo-dag.py took 0.163 seconds
[2025-06-13T11:35:17.448+0000] {processor.py:186} INFO - Started process (PID=283) to work on /opt/airflow/dags/exemplo-dag.py
[2025-06-13T11:35:17.450+0000] {processor.py:914} INFO - Processing file /opt/airflow/dags/exemplo-dag.py for tasks to queue
[2025-06-13T11:35:17.455+0000] {logging_mixin.py:190} INFO - [2025-06-13T11:35:17.455+0000] {dagbag.py:588} INFO - Filling up the DagBag from /opt/airflow/dags/exemplo-dag.py
[2025-06-13T11:35:17.499+0000] {processor.py:925} INFO - DAG(s) 'exemplo_dag_simples' retrieved from /opt/airflow/dags/exemplo-dag.py
[2025-06-13T11:35:17.550+0000] {logging_mixin.py:190} INFO - [2025-06-13T11:35:17.550+0000] {dag.py:3239} INFO - Sync 1 DAGs
[2025-06-13T11:35:17.600+0000] {logging_mixin.py:190} INFO - [2025-06-13T11:35:17.600+0000] {dag.py:4180} INFO - Setting next_dagrun for exemplo_dag_simples to 2025-06-12 00:00:00+00:00, run_after=2025-06-13 00:00:00+00:00
[2025-06-13T11:35:17.649+0000] {processor.py:208} INFO - Processing /opt/airflow/dags/exemplo-dag.py took 0.207 seconds
[2025-06-13T11:36:24.975+0000] {processor.py:186} INFO - Started process (PID=223) to work on /opt/airflow/dags/exemplo-dag.py
[2025-06-13T11:36:24.976+0000] {processor.py:914} INFO - Processing file /opt/airflow/dags/exemplo-dag.py for tasks to queue
[2025-06-13T11:36:24.979+0000] {logging_mixin.py:190} INFO - [2025-06-13T11:36:24.978+0000] {dagbag.py:588} INFO - Filling up the DagBag from /opt/airflow/dags/exemplo-dag.py
[2025-06-13T11:36:25.002+0000] {processor.py:925} INFO - DAG(s) 'exemplo_dag_simples' retrieved from /opt/airflow/dags/exemplo-dag.py
[2025-06-13T11:36:25.158+0000] {logging_mixin.py:190} INFO - [2025-06-13T11:36:25.158+0000] {override.py:1911} INFO - Created Permission View: can edit on DAG:exemplo_dag_simples
[2025-06-13T11:36:25.170+0000] {logging_mixin.py:190} INFO - [2025-06-13T11:36:25.170+0000] {override.py:1911} INFO - Created Permission View: can read on DAG:exemplo_dag_simples
[2025-06-13T11:36:25.178+0000] {logging_mixin.py:190} INFO - [2025-06-13T11:36:25.178+0000] {override.py:1911} INFO - Created Permission View: can delete on DAG:exemplo_dag_simples
[2025-06-13T11:36:25.187+0000] {logging_mixin.py:190} INFO - [2025-06-13T11:36:25.186+0000] {override.py:1911} INFO - Created Permission View: can create on DAG Run:exemplo_dag_simples
[2025-06-13T11:36:25.194+0000] {logging_mixin.py:190} INFO - [2025-06-13T11:36:25.194+0000] {override.py:1911} INFO - Created Permission View: menu access on DAG Run:exemplo_dag_simples
[2025-06-13T11:36:25.203+0000] {logging_mixin.py:190} INFO - [2025-06-13T11:36:25.202+0000] {override.py:1911} INFO - Created Permission View: can read on DAG Run:exemplo_dag_simples
[2025-06-13T11:36:25.210+0000] {logging_mixin.py:190} INFO - [2025-06-13T11:36:25.210+0000] {override.py:1911} INFO - Created Permission View: can delete on DAG Run:exemplo_dag_simples
[2025-06-13T11:36:25.211+0000] {logging_mixin.py:190} INFO - [2025-06-13T11:36:25.211+0000] {dag.py:3239} INFO - Sync 1 DAGs
[2025-06-13T11:36:25.229+0000] {logging_mixin.py:190} INFO - [2025-06-13T11:36:25.229+0000] {dag.py:3262} INFO - Creating ORM DAG for exemplo_dag_simples
[2025-06-13T11:36:25.242+0000] {logging_mixin.py:190} INFO - [2025-06-13T11:36:25.242+0000] {dag.py:4180} INFO - Setting next_dagrun for exemplo_dag_simples to 2025-06-12 00:00:00+00:00, run_after=2025-06-13 00:00:00+00:00
[2025-06-13T11:36:25.267+0000] {processor.py:208} INFO - Processing /opt/airflow/dags/exemplo-dag.py took 0.301 seconds
[2025-06-13T11:38:10.016+0000] {processor.py:186} INFO - Started process (PID=223) to work on /opt/airflow/dags/exemplo-dag.py
[2025-06-13T11:38:10.018+0000] {processor.py:914} INFO - Processing file /opt/airflow/dags/exemplo-dag.py for tasks to queue
[2025-06-13T11:38:10.020+0000] {logging_mixin.py:190} INFO - [2025-06-13T11:38:10.020+0000] {dagbag.py:588} INFO - Filling up the DagBag from /opt/airflow/dags/exemplo-dag.py
[2025-06-13T11:38:10.046+0000] {processor.py:925} INFO - DAG(s) 'exemplo_dag_simples' retrieved from /opt/airflow/dags/exemplo-dag.py
[2025-06-13T11:38:10.227+0000] {logging_mixin.py:190} INFO - [2025-06-13T11:38:10.226+0000] {override.py:1911} INFO - Created Permission View: can delete on DAG:exemplo_dag_simples
[2025-06-13T11:38:10.246+0000] {logging_mixin.py:190} INFO - [2025-06-13T11:38:10.245+0000] {override.py:1911} INFO - Created Permission View: can read on DAG:exemplo_dag_simples
[2025-06-13T11:38:10.266+0000] {logging_mixin.py:190} INFO - [2025-06-13T11:38:10.265+0000] {override.py:1911} INFO - Created Permission View: can edit on DAG:exemplo_dag_simples
[2025-06-13T11:38:10.280+0000] {logging_mixin.py:190} INFO - [2025-06-13T11:38:10.280+0000] {override.py:1911} INFO - Created Permission View: can create on DAG Run:exemplo_dag_simples
[2025-06-13T11:38:10.292+0000] {logging_mixin.py:190} INFO - [2025-06-13T11:38:10.292+0000] {override.py:1911} INFO - Created Permission View: can read on DAG Run:exemplo_dag_simples
[2025-06-13T11:38:10.305+0000] {logging_mixin.py:190} INFO - [2025-06-13T11:38:10.304+0000] {override.py:1911} INFO - Created Permission View: menu access on DAG Run:exemplo_dag_simples
[2025-06-13T11:38:10.318+0000] {logging_mixin.py:190} INFO - [2025-06-13T11:38:10.317+0000] {override.py:1911} INFO - Created Permission View: can delete on DAG Run:exemplo_dag_simples
[2025-06-13T11:38:10.320+0000] {logging_mixin.py:190} INFO - [2025-06-13T11:38:10.319+0000] {dag.py:3239} INFO - Sync 1 DAGs
[2025-06-13T11:38:10.337+0000] {logging_mixin.py:190} INFO - [2025-06-13T11:38:10.337+0000] {dag.py:3262} INFO - Creating ORM DAG for exemplo_dag_simples
[2025-06-13T11:38:10.350+0000] {logging_mixin.py:190} INFO - [2025-06-13T11:38:10.350+0000] {dag.py:4180} INFO - Setting next_dagrun for exemplo_dag_simples to 2025-06-12 00:00:00+00:00, run_after=2025-06-13 00:00:00+00:00
[2025-06-13T11:38:10.383+0000] {processor.py:208} INFO - Processing /opt/airflow/dags/exemplo-dag.py took 0.375 seconds
[2025-06-13T11:38:40.705+0000] {processor.py:186} INFO - Started process (PID=252) to work on /opt/airflow/dags/exemplo-dag.py
[2025-06-13T11:38:40.708+0000] {processor.py:914} INFO - Processing file /opt/airflow/dags/exemplo-dag.py for tasks to queue
[2025-06-13T11:38:40.714+0000] {logging_mixin.py:190} INFO - [2025-06-13T11:38:40.713+0000] {dagbag.py:588} INFO - Filling up the DagBag from /opt/airflow/dags/exemplo-dag.py
[2025-06-13T11:38:40.783+0000] {processor.py:925} INFO - DAG(s) 'exemplo_dag_simples' retrieved from /opt/airflow/dags/exemplo-dag.py
[2025-06-13T11:38:40.828+0000] {logging_mixin.py:190} INFO - [2025-06-13T11:38:40.828+0000] {dag.py:3239} INFO - Sync 1 DAGs
[2025-06-13T11:38:40.860+0000] {logging_mixin.py:190} INFO - [2025-06-13T11:38:40.859+0000] {dag.py:4180} INFO - Setting next_dagrun for exemplo_dag_simples to 2025-06-12 00:00:00+00:00, run_after=2025-06-13 00:00:00+00:00
[2025-06-13T11:38:40.889+0000] {processor.py:208} INFO - Processing /opt/airflow/dags/exemplo-dag.py took 0.195 seconds
